

Started GET "/" for 127.0.0.1 at 2014-11-05 16:54:41 +0900
Processing by Rails::WelcomeController#index as HTML
  Rendered /Users/gamisanga/.anyenv/envs/rbenv/versions/2.1.4/lib/ruby/gems/2.1.0/gems/railties-4.1.6/lib/rails/templates/rails/welcome/index.html.erb (1.6ms)
Completed 200 OK in 50ms (Views: 42.0ms | ActiveRecord: 0.0ms)


Started GET "/" for 127.0.0.1 at 2014-11-05 17:14:22 +0900
Processing by Rails::WelcomeController#index as HTML
  Rendered /Users/gamisanga/.anyenv/envs/rbenv/versions/2.1.4/lib/ruby/gems/2.1.0/gems/railties-4.1.6/lib/rails/templates/rails/welcome/index.html.erb (0.0ms)
Completed 200 OK in 11ms (Views: 10.5ms | ActiveRecord: 0.0ms)


Started GET "/" for 127.0.0.1 at 2014-11-05 17:30:27 +0900
Processing by Rails::WelcomeController#index as HTML
  Rendered /Users/gamisanga/.anyenv/envs/rbenv/versions/2.1.4/lib/ruby/gems/2.1.0/gems/railties-4.1.6/lib/rails/templates/rails/welcome/index.html.erb (1.6ms)
Completed 200 OK in 15ms (Views: 7.7ms | ActiveRecord: 0.0ms)


Started GET "/games/" for 127.0.0.1 at 2014-11-05 17:30:52 +0900
Processing by GamesController#index as HTML
  MOPED: 127.0.0.1:27017 COMMAND      database=admin command={:ismaster=>1} runtime: 0.8220ms
  MOPED: 127.0.0.1:27017 QUERY        database=ruby_study_development collection=games selector={} flags=[] limit=0 skip=0 batch_size=nil fields=nil runtime: 0.4050ms
  Rendered games/index.html.haml within layouts/application (5.7ms)
Completed 200 OK in 1004ms (Views: 999.5ms | ActiveRecord: 0.0ms)


Started GET "/assets/games.css?body=1" for 127.0.0.1 at 2014-11-05 17:30:53 +0900


Started GET "/assets/turbolinks.js?body=1" for 127.0.0.1 at 2014-11-05 17:30:53 +0900


Started GET "/assets/jquery.js?body=1" for 127.0.0.1 at 2014-11-05 17:30:53 +0900


Started GET "/assets/scaffolds.css?body=1" for 127.0.0.1 at 2014-11-05 17:30:53 +0900


Started GET "/assets/jquery_ujs.js?body=1" for 127.0.0.1 at 2014-11-05 17:30:53 +0900


Started GET "/assets/application.css?body=1" for 127.0.0.1 at 2014-11-05 17:30:53 +0900


Started GET "/assets/games.js?body=1" for 127.0.0.1 at 2014-11-05 17:30:53 +0900


Started GET "/assets/application.js?body=1" for 127.0.0.1 at 2014-11-05 17:30:53 +0900


Started GET "/games/" for 127.0.0.1 at 2014-11-05 17:37:43 +0900
Processing by GamesController#index as HTML
  MOPED: 127.0.0.1:27017 COMMAND      database=admin command={:ismaster=>1} runtime: 0.4460ms
  MOPED: 127.0.0.1:27017 QUERY        database=ruby_study_development collection=games selector={} flags=[] limit=0 skip=0 batch_size=nil fields=nil runtime: 0.3140ms
  Rendered games/index.html.haml within layouts/application (4.6ms)
Completed 200 OK in 70ms (Views: 69.4ms | ActiveRecord: 0.0ms)


Started GET "/assets/games.css?body=1" for 127.0.0.1 at 2014-11-05 17:37:43 +0900


Started GET "/assets/scaffolds.css?body=1" for 127.0.0.1 at 2014-11-05 17:37:43 +0900


Started GET "/assets/jquery.js?body=1" for 127.0.0.1 at 2014-11-05 17:37:43 +0900


Started GET "/assets/application.css?body=1" for 127.0.0.1 at 2014-11-05 17:37:43 +0900


Started GET "/assets/jquery_ujs.js?body=1" for 127.0.0.1 at 2014-11-05 17:37:43 +0900


Started GET "/assets/games.js?body=1" for 127.0.0.1 at 2014-11-05 17:37:43 +0900


Started GET "/assets/application.js?body=1" for 127.0.0.1 at 2014-11-05 17:37:43 +0900


Started GET "/assets/turbolinks.js?body=1" for 127.0.0.1 at 2014-11-05 17:37:43 +0900


Started GET "/games/" for 127.0.0.1 at 2014-11-05 17:41:32 +0900
Processing by GamesController#index as HTML
  MOPED: 127.0.0.1:27017 COMMAND      database=admin command={:ismaster=>1} runtime: 0.4080ms
  MOPED: 127.0.0.1:27017 QUERY        database=ruby_study_development collection=games selector={} flags=[] limit=0 skip=0 batch_size=nil fields=nil runtime: 0.2570ms
  Rendered games/index.html.haml within layouts/application (4.1ms)
Completed 200 OK in 55ms (Views: 54.2ms | ActiveRecord: 0.0ms)


Started GET "/assets/games.css?body=1" for 127.0.0.1 at 2014-11-05 17:41:32 +0900


Started GET "/assets/scaffolds.css?body=1" for 127.0.0.1 at 2014-11-05 17:41:32 +0900


Started GET "/assets/turbolinks.js?body=1" for 127.0.0.1 at 2014-11-05 17:41:32 +0900


Started GET "/assets/jquery_ujs.js?body=1" for 127.0.0.1 at 2014-11-05 17:41:32 +0900


Started GET "/assets/application.css?body=1" for 127.0.0.1 at 2014-11-05 17:41:32 +0900


Started GET "/assets/jquery.js?body=1" for 127.0.0.1 at 2014-11-05 17:41:32 +0900


Started GET "/assets/games.js?body=1" for 127.0.0.1 at 2014-11-05 17:41:32 +0900


Started GET "/assets/application.js?body=1" for 127.0.0.1 at 2014-11-05 17:41:32 +0900


Started GET "/assets/games.css?body=1" for 127.0.0.1 at 2014-11-05 17:41:38 +0900


Started GET "/assets/application.css?body=1" for 127.0.0.1 at 2014-11-05 17:41:38 +0900


Started GET "/assets/scaffolds.css?body=1" for 127.0.0.1 at 2014-11-05 17:41:38 +0900


Started GET "/games/" for 127.0.0.1 at 2014-11-05 17:56:17 +0900
Processing by GamesController#index as HTML
  MOPED: 127.0.0.1:27017 COMMAND      database=admin command={:ismaster=>1} runtime: 0.4110ms
  MOPED: 127.0.0.1:27017 QUERY        database=ruby_study_development collection=games selector={} flags=[] limit=0 skip=0 batch_size=nil fields=nil runtime: 0.4020ms
  Rendered games/index.html.haml within layouts/application (2.0ms)
Completed 200 OK in 4ms (Views: 3.8ms | ActiveRecord: 0.0ms)


Started GET "/games/" for 127.0.0.1 at 2014-11-05 18:00:25 +0900
Processing by GamesController#index as HTML
  MOPED: 127.0.0.1:27017 COMMAND      database=admin command={:ismaster=>1} runtime: 0.8040ms
  MOPED: 127.0.0.1:27017 QUERY        database=ruby_study_development collection=games selector={} flags=[] limit=0 skip=0 batch_size=nil fields=nil runtime: 0.2510ms
  Rendered games/index.html.haml within layouts/application (6.8ms)
Completed 200 OK in 58ms (Views: 33.0ms | ActiveRecord: 0.0ms)


Started GET "/games/" for 127.0.0.1 at 2014-11-05 18:01:09 +0900
Processing by GamesController#index as HTML
  MOPED: 127.0.0.1:27017 COMMAND      database=admin command={:ismaster=>1} runtime: 0.4770ms
  MOPED: 127.0.0.1:27017 QUERY        database=ruby_study_development collection=games selector={} flags=[] limit=0 skip=0 batch_size=nil fields=nil runtime: 0.2500ms
  Rendered games/index.html.haml within layouts/application (1.9ms)
Completed 200 OK in 5ms (Views: 3.9ms | ActiveRecord: 0.0ms)


Started GET "/games/" for 127.0.0.1 at 2014-11-05 18:01:29 +0900
Processing by GamesController#index as HTML
  MOPED: 127.0.0.1:27017 COMMAND      database=admin command={:ismaster=>1} runtime: 0.7800ms
  MOPED: 127.0.0.1:27017 QUERY        database=ruby_study_development collection=games selector={} flags=[] limit=0 skip=0 batch_size=nil fields=nil runtime: 0.1950ms
  Rendered games/index.html.haml within layouts/application (6.1ms)
Completed 500 Internal Server Error in 183ms

ActionView::Template::Error (Missing partial layouts/_nav with {:locale=>[:en], :formats=>[:html], :variants=>[], :handlers=>[:erb, :builder, :raw, :ruby, :coffee, :jbuilder, :haml]}. Searched in:
  * "/Users/gamisanga/apps/RubyStudy/app/views"
):
     6:     = javascript_include_tag 'application', 'data-turbolinks-track' => true
     7:     = csrf_meta_tags
     8:   %body
     9:     = render 'layouts/nav'
    10:     = render 'layouts/notice'
    11:     = yield
    12:     = render 'layouts/footer'
  app/views/layouts/application.html.haml:9:in `_app_views_layouts_application_html_haml___2159458548858122856_70150872709200'


  Rendered /Users/gamisanga/.anyenv/envs/rbenv/versions/2.1.4/lib/ruby/gems/2.1.0/gems/actionpack-4.1.6/lib/action_dispatch/middleware/templates/rescues/_trace.html.erb (1.0ms)
  Rendered /Users/gamisanga/.anyenv/envs/rbenv/versions/2.1.4/lib/ruby/gems/2.1.0/gems/actionpack-4.1.6/lib/action_dispatch/middleware/templates/rescues/_request_and_response.html.erb (1.0ms)
  Rendered /Users/gamisanga/.anyenv/envs/rbenv/versions/2.1.4/lib/ruby/gems/2.1.0/gems/actionpack-4.1.6/lib/action_dispatch/middleware/templates/rescues/template_error.html.erb within rescues/layout (14.4ms)


Started GET "/games/" for 127.0.0.1 at 2014-11-05 18:03:37 +0900
Processing by GamesController#index as HTML
  MOPED: 127.0.0.1:27017 COMMAND      database=admin command={:ismaster=>1} runtime: 0.4050ms
  MOPED: 127.0.0.1:27017 QUERY        database=ruby_study_development collection=games selector={} flags=[] limit=0 skip=0 batch_size=nil fields=nil runtime: 0.2080ms
  Rendered games/index.html.haml within layouts/application (1.6ms)
Completed 500 Internal Server Error in 42ms

ActionView::Template::Error (Missing partial layouts/_nav with {:locale=>[:en], :formats=>[:html], :variants=>[], :handlers=>[:erb, :builder, :raw, :ruby, :coffee, :jbuilder, :haml]}. Searched in:
  * "/Users/gamisanga/apps/RubyStudy/app/views"
):
     6:     = javascript_include_tag 'application', 'data-turbolinks-track' => true
     7:     = csrf_meta_tags
     8:   %body
     9:     = render 'layouts/nav'
    10:     = render 'layouts/notice'
    11:     = yield
    12:     = render 'layouts/footer'
  app/views/layouts/application.html.haml:9:in `_app_views_layouts_application_html_haml___2159458548858122856_70150874608760'


  Rendered /Users/gamisanga/.anyenv/envs/rbenv/versions/2.1.4/lib/ruby/gems/2.1.0/gems/actionpack-4.1.6/lib/action_dispatch/middleware/templates/rescues/_trace.html.erb (1.2ms)
  Rendered /Users/gamisanga/.anyenv/envs/rbenv/versions/2.1.4/lib/ruby/gems/2.1.0/gems/actionpack-4.1.6/lib/action_dispatch/middleware/templates/rescues/_request_and_response.html.erb (0.7ms)
  Rendered /Users/gamisanga/.anyenv/envs/rbenv/versions/2.1.4/lib/ruby/gems/2.1.0/gems/actionpack-4.1.6/lib/action_dispatch/middleware/templates/rescues/template_error.html.erb within rescues/layout (11.6ms)


Started GET "/games/" for 127.0.0.1 at 2014-11-05 18:06:12 +0900
Processing by GamesController#index as HTML
  MOPED: 127.0.0.1:27017 COMMAND      database=admin command={:ismaster=>1} runtime: 0.9050ms
  MOPED: 127.0.0.1:27017 QUERY        database=ruby_study_development collection=games selector={} flags=[] limit=0 skip=0 batch_size=nil fields=nil runtime: 0.2540ms
  Rendered games/index.html.haml within layouts/application (7.1ms)
Completed 500 Internal Server Error in 205ms

ActionView::Template::Error (Missing partial layouts/_nav with {:locale=>[:en], :formats=>[:html], :variants=>[], :handlers=>[:erb, :builder, :raw, :ruby, :coffee, :jbuilder, :haml]}. Searched in:
  * "/Users/gamisanga/apps/RubyStudy/app/views"
):
     6:     = javascript_include_tag 'application', 'data-turbolinks-track' => true
     7:     = csrf_meta_tags
     8:   %body
     9:     = render 'layouts/nav'
    10:     = render 'layouts/notice'
    11:     = yield
    12:     = render 'layouts/footer'
  app/views/layouts/application.html.haml:9:in `_app_views_layouts_application_html_haml___4467009632881303539_70255943316520'


  Rendered /Users/gamisanga/.anyenv/envs/rbenv/versions/2.1.4/lib/ruby/gems/2.1.0/gems/actionpack-4.1.6/lib/action_dispatch/middleware/templates/rescues/_trace.html.erb (1.0ms)
  Rendered /Users/gamisanga/.anyenv/envs/rbenv/versions/2.1.4/lib/ruby/gems/2.1.0/gems/actionpack-4.1.6/lib/action_dispatch/middleware/templates/rescues/_request_and_response.html.erb (0.7ms)
  Rendered /Users/gamisanga/.anyenv/envs/rbenv/versions/2.1.4/lib/ruby/gems/2.1.0/gems/actionpack-4.1.6/lib/action_dispatch/middleware/templates/rescues/template_error.html.erb within rescues/layout (12.4ms)


Started GET "/games/" for 127.0.0.1 at 2014-11-05 18:10:37 +0900
Processing by GamesController#index as HTML
  MOPED: 127.0.0.1:27017 COMMAND      database=admin command={:ismaster=>1} runtime: 0.3700ms
  MOPED: 127.0.0.1:27017 QUERY        database=ruby_study_development collection=games selector={} flags=[] limit=0 skip=0 batch_size=nil fields=nil runtime: 0.2030ms
  Rendered games/index.html.haml within layouts/application (1.6ms)
  Rendered layouts/_nav.html.haml (1.7ms)
Completed 500 Internal Server Error in 42ms

ActionView::Template::Error (Missing partial layouts/_notice with {:locale=>[:en], :formats=>[:html], :variants=>[], :handlers=>[:erb, :builder, :raw, :ruby, :coffee, :jbuilder, :haml]}. Searched in:
  * "/Users/gamisanga/apps/RubyStudy/app/views"
):
     7:     = csrf_meta_tags
     8:   %body
     9:     = render 'layouts/nav'
    10:     = render 'layouts/notice'
    11:     = yield
    12:     = render 'layouts/footer'
  app/views/layouts/application.html.haml:10:in `_app_views_layouts_application_html_haml___4467009632881303539_70255943316520'


  Rendered /Users/gamisanga/.anyenv/envs/rbenv/versions/2.1.4/lib/ruby/gems/2.1.0/gems/actionpack-4.1.6/lib/action_dispatch/middleware/templates/rescues/_trace.html.erb (1.3ms)
  Rendered /Users/gamisanga/.anyenv/envs/rbenv/versions/2.1.4/lib/ruby/gems/2.1.0/gems/actionpack-4.1.6/lib/action_dispatch/middleware/templates/rescues/_request_and_response.html.erb (0.9ms)
  Rendered /Users/gamisanga/.anyenv/envs/rbenv/versions/2.1.4/lib/ruby/gems/2.1.0/gems/actionpack-4.1.6/lib/action_dispatch/middleware/templates/rescues/template_error.html.erb within rescues/layout (11.7ms)


Started GET "/games/" for 127.0.0.1 at 2014-11-05 18:35:57 +0900
Processing by GamesController#index as HTML
  MOPED: 127.0.0.1:27017 COMMAND      database=admin command={:ismaster=>1} runtime: 0.4200ms
  MOPED: 127.0.0.1:27017 QUERY        database=ruby_study_development collection=games selector={} flags=[] limit=0 skip=0 batch_size=nil fields=nil runtime: 0.2510ms
  Rendered games/index.html.haml within layouts/application (1.7ms)
  Rendered layouts/_nav.html.haml (0.1ms)
  Rendered layouts/_notice.html.haml (1.8ms)
  Rendered layouts/_footer.html.haml (1.2ms)
Completed 200 OK in 68ms (Views: 67.1ms | ActiveRecord: 0.0ms)


Started GET "/assets/games.css?body=1" for 127.0.0.1 at 2014-11-05 18:35:57 +0900


Started GET "/assets/jquery.js?body=1" for 127.0.0.1 at 2014-11-05 18:35:57 +0900


Started GET "/assets/application.css?body=1" for 127.0.0.1 at 2014-11-05 18:35:57 +0900


Started GET "/assets/turbolinks.js?body=1" for 127.0.0.1 at 2014-11-05 18:35:57 +0900


Started GET "/assets/jquery_ujs.js?body=1" for 127.0.0.1 at 2014-11-05 18:35:57 +0900


Started GET "/assets/scaffolds.css?body=1" for 127.0.0.1 at 2014-11-05 18:35:57 +0900


Started GET "/assets/games.js?body=1" for 127.0.0.1 at 2014-11-05 18:35:57 +0900


Started GET "/assets/application.js?body=1" for 127.0.0.1 at 2014-11-05 18:35:57 +0900


Started GET "/test" for 127.0.0.1 at 2014-11-06 17:34:52 +0900

ActionController::RoutingError (uninitialized constant WelcomeController):
  activesupport (4.1.6) lib/active_support/inflector/methods.rb:238:in `const_get'
  activesupport (4.1.6) lib/active_support/inflector/methods.rb:238:in `block in constantize'
  activesupport (4.1.6) lib/active_support/inflector/methods.rb:236:in `each'
  activesupport (4.1.6) lib/active_support/inflector/methods.rb:236:in `inject'
  activesupport (4.1.6) lib/active_support/inflector/methods.rb:236:in `constantize'
  actionpack (4.1.6) lib/action_dispatch/routing/route_set.rb:78:in `controller_reference'
  actionpack (4.1.6) lib/action_dispatch/routing/route_set.rb:68:in `controller'
  actionpack (4.1.6) lib/action_dispatch/routing/route_set.rb:46:in `call'
  actionpack (4.1.6) lib/action_dispatch/journey/router.rb:73:in `block in call'
  actionpack (4.1.6) lib/action_dispatch/journey/router.rb:59:in `each'
  actionpack (4.1.6) lib/action_dispatch/journey/router.rb:59:in `call'
  actionpack (4.1.6) lib/action_dispatch/routing/route_set.rb:678:in `call'
  rack (1.5.2) lib/rack/etag.rb:23:in `call'
  rack (1.5.2) lib/rack/conditionalget.rb:25:in `call'
  rack (1.5.2) lib/rack/head.rb:11:in `call'
  actionpack (4.1.6) lib/action_dispatch/middleware/params_parser.rb:27:in `call'
  actionpack (4.1.6) lib/action_dispatch/middleware/flash.rb:254:in `call'
  rack (1.5.2) lib/rack/session/abstract/id.rb:225:in `context'
  rack (1.5.2) lib/rack/session/abstract/id.rb:220:in `call'
  actionpack (4.1.6) lib/action_dispatch/middleware/cookies.rb:560:in `call'
  activerecord (4.1.6) lib/active_record/query_cache.rb:36:in `call'
  activerecord (4.1.6) lib/active_record/connection_adapters/abstract/connection_pool.rb:621:in `call'
  activerecord (4.1.6) lib/active_record/migration.rb:380:in `call'
  actionpack (4.1.6) lib/action_dispatch/middleware/callbacks.rb:29:in `block in call'
  activesupport (4.1.6) lib/active_support/callbacks.rb:82:in `run_callbacks'
  actionpack (4.1.6) lib/action_dispatch/middleware/callbacks.rb:27:in `call'
  actionpack (4.1.6) lib/action_dispatch/middleware/reloader.rb:73:in `call'
  actionpack (4.1.6) lib/action_dispatch/middleware/remote_ip.rb:76:in `call'
  actionpack (4.1.6) lib/action_dispatch/middleware/debug_exceptions.rb:17:in `call'
  actionpack (4.1.6) lib/action_dispatch/middleware/show_exceptions.rb:30:in `call'
  railties (4.1.6) lib/rails/rack/logger.rb:38:in `call_app'
  railties (4.1.6) lib/rails/rack/logger.rb:20:in `block in call'
  activesupport (4.1.6) lib/active_support/tagged_logging.rb:68:in `block in tagged'
  activesupport (4.1.6) lib/active_support/tagged_logging.rb:26:in `tagged'
  activesupport (4.1.6) lib/active_support/tagged_logging.rb:68:in `tagged'
  railties (4.1.6) lib/rails/rack/logger.rb:20:in `call'
  actionpack (4.1.6) lib/action_dispatch/middleware/request_id.rb:21:in `call'
  rack (1.5.2) lib/rack/methodoverride.rb:21:in `call'
  rack (1.5.2) lib/rack/runtime.rb:17:in `call'
  activesupport (4.1.6) lib/active_support/cache/strategy/local_cache_middleware.rb:26:in `call'
  rack (1.5.2) lib/rack/lock.rb:17:in `call'
  actionpack (4.1.6) lib/action_dispatch/middleware/static.rb:64:in `call'
  rack (1.5.2) lib/rack/sendfile.rb:112:in `call'
  railties (4.1.6) lib/rails/engine.rb:514:in `call'
  railties (4.1.6) lib/rails/application.rb:144:in `call'
  rack (1.5.2) lib/rack/lock.rb:17:in `call'
  rack (1.5.2) lib/rack/content_length.rb:14:in `call'
  rack (1.5.2) lib/rack/handler/webrick.rb:60:in `service'
  /Users/gamisanga/.anyenv/envs/rbenv/versions/2.1.4/lib/ruby/2.1.0/webrick/httpserver.rb:138:in `service'
  /Users/gamisanga/.anyenv/envs/rbenv/versions/2.1.4/lib/ruby/2.1.0/webrick/httpserver.rb:94:in `run'
  /Users/gamisanga/.anyenv/envs/rbenv/versions/2.1.4/lib/ruby/2.1.0/webrick/server.rb:295:in `block in start_thread'


  Rendered /Users/gamisanga/.anyenv/envs/rbenv/versions/2.1.4/lib/ruby/gems/2.1.0/gems/actionpack-4.1.6/lib/action_dispatch/middleware/templates/rescues/_trace.html.erb (0.9ms)
  Rendered /Users/gamisanga/.anyenv/envs/rbenv/versions/2.1.4/lib/ruby/gems/2.1.0/gems/actionpack-4.1.6/lib/action_dispatch/middleware/templates/routes/_route.html.erb (1.5ms)
  Rendered /Users/gamisanga/.anyenv/envs/rbenv/versions/2.1.4/lib/ruby/gems/2.1.0/gems/actionpack-4.1.6/lib/action_dispatch/middleware/templates/routes/_table.html.erb (14.1ms)
  Rendered /Users/gamisanga/.anyenv/envs/rbenv/versions/2.1.4/lib/ruby/gems/2.1.0/gems/actionpack-4.1.6/lib/action_dispatch/middleware/templates/rescues/routing_error.html.erb within rescues/layout (40.1ms)


Started GET "/test" for 127.0.0.1 at 2014-11-06 17:35:22 +0900

ActionController::RoutingError (uninitialized constant WelcomeController):
  activesupport (4.1.6) lib/active_support/inflector/methods.rb:238:in `const_get'
  activesupport (4.1.6) lib/active_support/inflector/methods.rb:238:in `block in constantize'
  activesupport (4.1.6) lib/active_support/inflector/methods.rb:236:in `each'
  activesupport (4.1.6) lib/active_support/inflector/methods.rb:236:in `inject'
  activesupport (4.1.6) lib/active_support/inflector/methods.rb:236:in `constantize'
  actionpack (4.1.6) lib/action_dispatch/routing/route_set.rb:78:in `controller_reference'
  actionpack (4.1.6) lib/action_dispatch/routing/route_set.rb:68:in `controller'
  actionpack (4.1.6) lib/action_dispatch/routing/route_set.rb:46:in `call'
  actionpack (4.1.6) lib/action_dispatch/journey/router.rb:73:in `block in call'
  actionpack (4.1.6) lib/action_dispatch/journey/router.rb:59:in `each'
  actionpack (4.1.6) lib/action_dispatch/journey/router.rb:59:in `call'
  actionpack (4.1.6) lib/action_dispatch/routing/route_set.rb:678:in `call'
  rack (1.5.2) lib/rack/etag.rb:23:in `call'
  rack (1.5.2) lib/rack/conditionalget.rb:25:in `call'
  rack (1.5.2) lib/rack/head.rb:11:in `call'
  actionpack (4.1.6) lib/action_dispatch/middleware/params_parser.rb:27:in `call'
  actionpack (4.1.6) lib/action_dispatch/middleware/flash.rb:254:in `call'
  rack (1.5.2) lib/rack/session/abstract/id.rb:225:in `context'
  rack (1.5.2) lib/rack/session/abstract/id.rb:220:in `call'
  actionpack (4.1.6) lib/action_dispatch/middleware/cookies.rb:560:in `call'
  activerecord (4.1.6) lib/active_record/query_cache.rb:36:in `call'
  activerecord (4.1.6) lib/active_record/connection_adapters/abstract/connection_pool.rb:621:in `call'
  activerecord (4.1.6) lib/active_record/migration.rb:380:in `call'
  actionpack (4.1.6) lib/action_dispatch/middleware/callbacks.rb:29:in `block in call'
  activesupport (4.1.6) lib/active_support/callbacks.rb:82:in `run_callbacks'
  actionpack (4.1.6) lib/action_dispatch/middleware/callbacks.rb:27:in `call'
  actionpack (4.1.6) lib/action_dispatch/middleware/reloader.rb:73:in `call'
  actionpack (4.1.6) lib/action_dispatch/middleware/remote_ip.rb:76:in `call'
  actionpack (4.1.6) lib/action_dispatch/middleware/debug_exceptions.rb:17:in `call'
  actionpack (4.1.6) lib/action_dispatch/middleware/show_exceptions.rb:30:in `call'
  railties (4.1.6) lib/rails/rack/logger.rb:38:in `call_app'
  railties (4.1.6) lib/rails/rack/logger.rb:20:in `block in call'
  activesupport (4.1.6) lib/active_support/tagged_logging.rb:68:in `block in tagged'
  activesupport (4.1.6) lib/active_support/tagged_logging.rb:26:in `tagged'
  activesupport (4.1.6) lib/active_support/tagged_logging.rb:68:in `tagged'
  railties (4.1.6) lib/rails/rack/logger.rb:20:in `call'
  actionpack (4.1.6) lib/action_dispatch/middleware/request_id.rb:21:in `call'
  rack (1.5.2) lib/rack/methodoverride.rb:21:in `call'
  rack (1.5.2) lib/rack/runtime.rb:17:in `call'
  activesupport (4.1.6) lib/active_support/cache/strategy/local_cache_middleware.rb:26:in `call'
  rack (1.5.2) lib/rack/lock.rb:17:in `call'
  actionpack (4.1.6) lib/action_dispatch/middleware/static.rb:64:in `call'
  rack (1.5.2) lib/rack/sendfile.rb:112:in `call'
  railties (4.1.6) lib/rails/engine.rb:514:in `call'
  railties (4.1.6) lib/rails/application.rb:144:in `call'
  rack (1.5.2) lib/rack/lock.rb:17:in `call'
  rack (1.5.2) lib/rack/content_length.rb:14:in `call'
  rack (1.5.2) lib/rack/handler/webrick.rb:60:in `service'
  /Users/gamisanga/.anyenv/envs/rbenv/versions/2.1.4/lib/ruby/2.1.0/webrick/httpserver.rb:138:in `service'
  /Users/gamisanga/.anyenv/envs/rbenv/versions/2.1.4/lib/ruby/2.1.0/webrick/httpserver.rb:94:in `run'
  /Users/gamisanga/.anyenv/envs/rbenv/versions/2.1.4/lib/ruby/2.1.0/webrick/server.rb:295:in `block in start_thread'


  Rendered /Users/gamisanga/.anyenv/envs/rbenv/versions/2.1.4/lib/ruby/gems/2.1.0/gems/actionpack-4.1.6/lib/action_dispatch/middleware/templates/rescues/_trace.html.erb (1.0ms)
  Rendered /Users/gamisanga/.anyenv/envs/rbenv/versions/2.1.4/lib/ruby/gems/2.1.0/gems/actionpack-4.1.6/lib/action_dispatch/middleware/templates/routes/_route.html.erb (1.3ms)
  Rendered /Users/gamisanga/.anyenv/envs/rbenv/versions/2.1.4/lib/ruby/gems/2.1.0/gems/actionpack-4.1.6/lib/action_dispatch/middleware/templates/routes/_table.html.erb (2.4ms)
  Rendered /Users/gamisanga/.anyenv/envs/rbenv/versions/2.1.4/lib/ruby/gems/2.1.0/gems/actionpack-4.1.6/lib/action_dispatch/middleware/templates/rescues/routing_error.html.erb within rescues/layout (27.3ms)


Started GET "/test" for 127.0.0.1 at 2014-11-06 17:37:49 +0900

ActionController::RoutingError (uninitialized constant WelcomeController):
  activesupport (4.1.6) lib/active_support/inflector/methods.rb:238:in `const_get'
  activesupport (4.1.6) lib/active_support/inflector/methods.rb:238:in `block in constantize'
  activesupport (4.1.6) lib/active_support/inflector/methods.rb:236:in `each'
  activesupport (4.1.6) lib/active_support/inflector/methods.rb:236:in `inject'
  activesupport (4.1.6) lib/active_support/inflector/methods.rb:236:in `constantize'
  actionpack (4.1.6) lib/action_dispatch/routing/route_set.rb:78:in `controller_reference'
  actionpack (4.1.6) lib/action_dispatch/routing/route_set.rb:68:in `controller'
  actionpack (4.1.6) lib/action_dispatch/routing/route_set.rb:46:in `call'
  actionpack (4.1.6) lib/action_dispatch/journey/router.rb:73:in `block in call'
  actionpack (4.1.6) lib/action_dispatch/journey/router.rb:59:in `each'
  actionpack (4.1.6) lib/action_dispatch/journey/router.rb:59:in `call'
  actionpack (4.1.6) lib/action_dispatch/routing/route_set.rb:678:in `call'
  rack (1.5.2) lib/rack/etag.rb:23:in `call'
  rack (1.5.2) lib/rack/conditionalget.rb:25:in `call'
  rack (1.5.2) lib/rack/head.rb:11:in `call'
  actionpack (4.1.6) lib/action_dispatch/middleware/params_parser.rb:27:in `call'
  actionpack (4.1.6) lib/action_dispatch/middleware/flash.rb:254:in `call'
  rack (1.5.2) lib/rack/session/abstract/id.rb:225:in `context'
  rack (1.5.2) lib/rack/session/abstract/id.rb:220:in `call'
  actionpack (4.1.6) lib/action_dispatch/middleware/cookies.rb:560:in `call'
  activerecord (4.1.6) lib/active_record/query_cache.rb:36:in `call'
  activerecord (4.1.6) lib/active_record/connection_adapters/abstract/connection_pool.rb:621:in `call'
  activerecord (4.1.6) lib/active_record/migration.rb:380:in `call'
  actionpack (4.1.6) lib/action_dispatch/middleware/callbacks.rb:29:in `block in call'
  activesupport (4.1.6) lib/active_support/callbacks.rb:82:in `run_callbacks'
  actionpack (4.1.6) lib/action_dispatch/middleware/callbacks.rb:27:in `call'
  actionpack (4.1.6) lib/action_dispatch/middleware/reloader.rb:73:in `call'
  actionpack (4.1.6) lib/action_dispatch/middleware/remote_ip.rb:76:in `call'
  actionpack (4.1.6) lib/action_dispatch/middleware/debug_exceptions.rb:17:in `call'
  actionpack (4.1.6) lib/action_dispatch/middleware/show_exceptions.rb:30:in `call'
  railties (4.1.6) lib/rails/rack/logger.rb:38:in `call_app'
  railties (4.1.6) lib/rails/rack/logger.rb:20:in `block in call'
  activesupport (4.1.6) lib/active_support/tagged_logging.rb:68:in `block in tagged'
  activesupport (4.1.6) lib/active_support/tagged_logging.rb:26:in `tagged'
  activesupport (4.1.6) lib/active_support/tagged_logging.rb:68:in `tagged'
  railties (4.1.6) lib/rails/rack/logger.rb:20:in `call'
  actionpack (4.1.6) lib/action_dispatch/middleware/request_id.rb:21:in `call'
  rack (1.5.2) lib/rack/methodoverride.rb:21:in `call'
  rack (1.5.2) lib/rack/runtime.rb:17:in `call'
  activesupport (4.1.6) lib/active_support/cache/strategy/local_cache_middleware.rb:26:in `call'
  rack (1.5.2) lib/rack/lock.rb:17:in `call'
  actionpack (4.1.6) lib/action_dispatch/middleware/static.rb:64:in `call'
  rack (1.5.2) lib/rack/sendfile.rb:112:in `call'
  railties (4.1.6) lib/rails/engine.rb:514:in `call'
  railties (4.1.6) lib/rails/application.rb:144:in `call'
  rack (1.5.2) lib/rack/lock.rb:17:in `call'
  rack (1.5.2) lib/rack/content_length.rb:14:in `call'
  rack (1.5.2) lib/rack/handler/webrick.rb:60:in `service'
  /Users/gamisanga/.anyenv/envs/rbenv/versions/2.1.4/lib/ruby/2.1.0/webrick/httpserver.rb:138:in `service'
  /Users/gamisanga/.anyenv/envs/rbenv/versions/2.1.4/lib/ruby/2.1.0/webrick/httpserver.rb:94:in `run'
  /Users/gamisanga/.anyenv/envs/rbenv/versions/2.1.4/lib/ruby/2.1.0/webrick/server.rb:295:in `block in start_thread'


  Rendered /Users/gamisanga/.anyenv/envs/rbenv/versions/2.1.4/lib/ruby/gems/2.1.0/gems/actionpack-4.1.6/lib/action_dispatch/middleware/templates/rescues/_trace.html.erb (0.8ms)
  Rendered /Users/gamisanga/.anyenv/envs/rbenv/versions/2.1.4/lib/ruby/gems/2.1.0/gems/actionpack-4.1.6/lib/action_dispatch/middleware/templates/routes/_route.html.erb (1.2ms)
  Rendered /Users/gamisanga/.anyenv/envs/rbenv/versions/2.1.4/lib/ruby/gems/2.1.0/gems/actionpack-4.1.6/lib/action_dispatch/middleware/templates/routes/_table.html.erb (0.9ms)
  Rendered /Users/gamisanga/.anyenv/envs/rbenv/versions/2.1.4/lib/ruby/gems/2.1.0/gems/actionpack-4.1.6/lib/action_dispatch/middleware/templates/rescues/routing_error.html.erb within rescues/layout (20.1ms)


Started GET "/test" for 127.0.0.1 at 2014-11-06 17:37:51 +0900

ActionController::RoutingError (uninitialized constant WelcomeController):
  activesupport (4.1.6) lib/active_support/inflector/methods.rb:238:in `const_get'
  activesupport (4.1.6) lib/active_support/inflector/methods.rb:238:in `block in constantize'
  activesupport (4.1.6) lib/active_support/inflector/methods.rb:236:in `each'
  activesupport (4.1.6) lib/active_support/inflector/methods.rb:236:in `inject'
  activesupport (4.1.6) lib/active_support/inflector/methods.rb:236:in `constantize'
  actionpack (4.1.6) lib/action_dispatch/routing/route_set.rb:78:in `controller_reference'
  actionpack (4.1.6) lib/action_dispatch/routing/route_set.rb:68:in `controller'
  actionpack (4.1.6) lib/action_dispatch/routing/route_set.rb:46:in `call'
  actionpack (4.1.6) lib/action_dispatch/journey/router.rb:73:in `block in call'
  actionpack (4.1.6) lib/action_dispatch/journey/router.rb:59:in `each'
  actionpack (4.1.6) lib/action_dispatch/journey/router.rb:59:in `call'
  actionpack (4.1.6) lib/action_dispatch/routing/route_set.rb:678:in `call'
  rack (1.5.2) lib/rack/etag.rb:23:in `call'
  rack (1.5.2) lib/rack/conditionalget.rb:25:in `call'
  rack (1.5.2) lib/rack/head.rb:11:in `call'
  actionpack (4.1.6) lib/action_dispatch/middleware/params_parser.rb:27:in `call'
  actionpack (4.1.6) lib/action_dispatch/middleware/flash.rb:254:in `call'
  rack (1.5.2) lib/rack/session/abstract/id.rb:225:in `context'
  rack (1.5.2) lib/rack/session/abstract/id.rb:220:in `call'
  actionpack (4.1.6) lib/action_dispatch/middleware/cookies.rb:560:in `call'
  activerecord (4.1.6) lib/active_record/query_cache.rb:36:in `call'
  activerecord (4.1.6) lib/active_record/connection_adapters/abstract/connection_pool.rb:621:in `call'
  activerecord (4.1.6) lib/active_record/migration.rb:380:in `call'
  actionpack (4.1.6) lib/action_dispatch/middleware/callbacks.rb:29:in `block in call'
  activesupport (4.1.6) lib/active_support/callbacks.rb:82:in `run_callbacks'
  actionpack (4.1.6) lib/action_dispatch/middleware/callbacks.rb:27:in `call'
  actionpack (4.1.6) lib/action_dispatch/middleware/reloader.rb:73:in `call'
  actionpack (4.1.6) lib/action_dispatch/middleware/remote_ip.rb:76:in `call'
  actionpack (4.1.6) lib/action_dispatch/middleware/debug_exceptions.rb:17:in `call'
  actionpack (4.1.6) lib/action_dispatch/middleware/show_exceptions.rb:30:in `call'
  railties (4.1.6) lib/rails/rack/logger.rb:38:in `call_app'
  railties (4.1.6) lib/rails/rack/logger.rb:20:in `block in call'
  activesupport (4.1.6) lib/active_support/tagged_logging.rb:68:in `block in tagged'
  activesupport (4.1.6) lib/active_support/tagged_logging.rb:26:in `tagged'
  activesupport (4.1.6) lib/active_support/tagged_logging.rb:68:in `tagged'
  railties (4.1.6) lib/rails/rack/logger.rb:20:in `call'
  actionpack (4.1.6) lib/action_dispatch/middleware/request_id.rb:21:in `call'
  rack (1.5.2) lib/rack/methodoverride.rb:21:in `call'
  rack (1.5.2) lib/rack/runtime.rb:17:in `call'
  activesupport (4.1.6) lib/active_support/cache/strategy/local_cache_middleware.rb:26:in `call'
  rack (1.5.2) lib/rack/lock.rb:17:in `call'
  actionpack (4.1.6) lib/action_dispatch/middleware/static.rb:64:in `call'
  rack (1.5.2) lib/rack/sendfile.rb:112:in `call'
  railties (4.1.6) lib/rails/engine.rb:514:in `call'
  railties (4.1.6) lib/rails/application.rb:144:in `call'
  rack (1.5.2) lib/rack/lock.rb:17:in `call'
  rack (1.5.2) lib/rack/content_length.rb:14:in `call'
  rack (1.5.2) lib/rack/handler/webrick.rb:60:in `service'
  /Users/gamisanga/.anyenv/envs/rbenv/versions/2.1.4/lib/ruby/2.1.0/webrick/httpserver.rb:138:in `service'
  /Users/gamisanga/.anyenv/envs/rbenv/versions/2.1.4/lib/ruby/2.1.0/webrick/httpserver.rb:94:in `run'
  /Users/gamisanga/.anyenv/envs/rbenv/versions/2.1.4/lib/ruby/2.1.0/webrick/server.rb:295:in `block in start_thread'


  Rendered /Users/gamisanga/.anyenv/envs/rbenv/versions/2.1.4/lib/ruby/gems/2.1.0/gems/actionpack-4.1.6/lib/action_dispatch/middleware/templates/rescues/_trace.html.erb (1.0ms)
  Rendered /Users/gamisanga/.anyenv/envs/rbenv/versions/2.1.4/lib/ruby/gems/2.1.0/gems/actionpack-4.1.6/lib/action_dispatch/middleware/templates/routes/_route.html.erb (1.2ms)
  Rendered /Users/gamisanga/.anyenv/envs/rbenv/versions/2.1.4/lib/ruby/gems/2.1.0/gems/actionpack-4.1.6/lib/action_dispatch/middleware/templates/routes/_table.html.erb (0.9ms)
  Rendered /Users/gamisanga/.anyenv/envs/rbenv/versions/2.1.4/lib/ruby/gems/2.1.0/gems/actionpack-4.1.6/lib/action_dispatch/middleware/templates/rescues/routing_error.html.erb within rescues/layout (21.0ms)


Started GET "/test" for 127.0.0.1 at 2014-11-06 17:41:01 +0900

AbstractController::ActionNotFound (The action 'test' could not be found for WelcomeController):
  actionpack (4.1.6) lib/abstract_controller/base.rb:131:in `process'
  actionview (4.1.6) lib/action_view/rendering.rb:30:in `process'
  actionpack (4.1.6) lib/action_controller/metal.rb:196:in `dispatch'
  actionpack (4.1.6) lib/action_controller/metal/rack_delegation.rb:13:in `dispatch'
  actionpack (4.1.6) lib/action_controller/metal.rb:232:in `block in action'
  actionpack (4.1.6) lib/action_dispatch/routing/route_set.rb:82:in `call'
  actionpack (4.1.6) lib/action_dispatch/routing/route_set.rb:82:in `dispatch'
  actionpack (4.1.6) lib/action_dispatch/routing/route_set.rb:50:in `call'
  actionpack (4.1.6) lib/action_dispatch/journey/router.rb:73:in `block in call'
  actionpack (4.1.6) lib/action_dispatch/journey/router.rb:59:in `each'
  actionpack (4.1.6) lib/action_dispatch/journey/router.rb:59:in `call'
  actionpack (4.1.6) lib/action_dispatch/routing/route_set.rb:678:in `call'
  rack (1.5.2) lib/rack/etag.rb:23:in `call'
  rack (1.5.2) lib/rack/conditionalget.rb:25:in `call'
  rack (1.5.2) lib/rack/head.rb:11:in `call'
  actionpack (4.1.6) lib/action_dispatch/middleware/params_parser.rb:27:in `call'
  actionpack (4.1.6) lib/action_dispatch/middleware/flash.rb:254:in `call'
  rack (1.5.2) lib/rack/session/abstract/id.rb:225:in `context'
  rack (1.5.2) lib/rack/session/abstract/id.rb:220:in `call'
  actionpack (4.1.6) lib/action_dispatch/middleware/cookies.rb:560:in `call'
  activerecord (4.1.6) lib/active_record/query_cache.rb:36:in `call'
  activerecord (4.1.6) lib/active_record/connection_adapters/abstract/connection_pool.rb:621:in `call'
  activerecord (4.1.6) lib/active_record/migration.rb:380:in `call'
  actionpack (4.1.6) lib/action_dispatch/middleware/callbacks.rb:29:in `block in call'
  activesupport (4.1.6) lib/active_support/callbacks.rb:82:in `run_callbacks'
  actionpack (4.1.6) lib/action_dispatch/middleware/callbacks.rb:27:in `call'
  actionpack (4.1.6) lib/action_dispatch/middleware/reloader.rb:73:in `call'
  actionpack (4.1.6) lib/action_dispatch/middleware/remote_ip.rb:76:in `call'
  actionpack (4.1.6) lib/action_dispatch/middleware/debug_exceptions.rb:17:in `call'
  actionpack (4.1.6) lib/action_dispatch/middleware/show_exceptions.rb:30:in `call'
  railties (4.1.6) lib/rails/rack/logger.rb:38:in `call_app'
  railties (4.1.6) lib/rails/rack/logger.rb:20:in `block in call'
  activesupport (4.1.6) lib/active_support/tagged_logging.rb:68:in `block in tagged'
  activesupport (4.1.6) lib/active_support/tagged_logging.rb:26:in `tagged'
  activesupport (4.1.6) lib/active_support/tagged_logging.rb:68:in `tagged'
  railties (4.1.6) lib/rails/rack/logger.rb:20:in `call'
  actionpack (4.1.6) lib/action_dispatch/middleware/request_id.rb:21:in `call'
  rack (1.5.2) lib/rack/methodoverride.rb:21:in `call'
  rack (1.5.2) lib/rack/runtime.rb:17:in `call'
  activesupport (4.1.6) lib/active_support/cache/strategy/local_cache_middleware.rb:26:in `call'
  rack (1.5.2) lib/rack/lock.rb:17:in `call'
  actionpack (4.1.6) lib/action_dispatch/middleware/static.rb:64:in `call'
  rack (1.5.2) lib/rack/sendfile.rb:112:in `call'
  railties (4.1.6) lib/rails/engine.rb:514:in `call'
  railties (4.1.6) lib/rails/application.rb:144:in `call'
  rack (1.5.2) lib/rack/lock.rb:17:in `call'
  rack (1.5.2) lib/rack/content_length.rb:14:in `call'
  rack (1.5.2) lib/rack/handler/webrick.rb:60:in `service'
  /Users/gamisanga/.anyenv/envs/rbenv/versions/2.1.4/lib/ruby/2.1.0/webrick/httpserver.rb:138:in `service'
  /Users/gamisanga/.anyenv/envs/rbenv/versions/2.1.4/lib/ruby/2.1.0/webrick/httpserver.rb:94:in `run'
  /Users/gamisanga/.anyenv/envs/rbenv/versions/2.1.4/lib/ruby/2.1.0/webrick/server.rb:295:in `block in start_thread'


  Rendered /Users/gamisanga/.anyenv/envs/rbenv/versions/2.1.4/lib/ruby/gems/2.1.0/gems/actionpack-4.1.6/lib/action_dispatch/middleware/templates/rescues/unknown_action.html.erb within rescues/layout (0.3ms)


Started GET "/test" for 127.0.0.1 at 2014-11-06 17:42:33 +0900

AbstractController::ActionNotFound (The action 'test' could not be found for WelcomeController):
  actionpack (4.1.6) lib/abstract_controller/base.rb:131:in `process'
  actionview (4.1.6) lib/action_view/rendering.rb:30:in `process'
  actionpack (4.1.6) lib/action_controller/metal.rb:196:in `dispatch'
  actionpack (4.1.6) lib/action_controller/metal/rack_delegation.rb:13:in `dispatch'
  actionpack (4.1.6) lib/action_controller/metal.rb:232:in `block in action'
  actionpack (4.1.6) lib/action_dispatch/routing/route_set.rb:82:in `call'
  actionpack (4.1.6) lib/action_dispatch/routing/route_set.rb:82:in `dispatch'
  actionpack (4.1.6) lib/action_dispatch/routing/route_set.rb:50:in `call'
  actionpack (4.1.6) lib/action_dispatch/journey/router.rb:73:in `block in call'
  actionpack (4.1.6) lib/action_dispatch/journey/router.rb:59:in `each'
  actionpack (4.1.6) lib/action_dispatch/journey/router.rb:59:in `call'
  actionpack (4.1.6) lib/action_dispatch/routing/route_set.rb:678:in `call'
  rack (1.5.2) lib/rack/etag.rb:23:in `call'
  rack (1.5.2) lib/rack/conditionalget.rb:25:in `call'
  rack (1.5.2) lib/rack/head.rb:11:in `call'
  actionpack (4.1.6) lib/action_dispatch/middleware/params_parser.rb:27:in `call'
  actionpack (4.1.6) lib/action_dispatch/middleware/flash.rb:254:in `call'
  rack (1.5.2) lib/rack/session/abstract/id.rb:225:in `context'
  rack (1.5.2) lib/rack/session/abstract/id.rb:220:in `call'
  actionpack (4.1.6) lib/action_dispatch/middleware/cookies.rb:560:in `call'
  activerecord (4.1.6) lib/active_record/query_cache.rb:36:in `call'
  activerecord (4.1.6) lib/active_record/connection_adapters/abstract/connection_pool.rb:621:in `call'
  activerecord (4.1.6) lib/active_record/migration.rb:380:in `call'
  actionpack (4.1.6) lib/action_dispatch/middleware/callbacks.rb:29:in `block in call'
  activesupport (4.1.6) lib/active_support/callbacks.rb:82:in `run_callbacks'
  actionpack (4.1.6) lib/action_dispatch/middleware/callbacks.rb:27:in `call'
  actionpack (4.1.6) lib/action_dispatch/middleware/reloader.rb:73:in `call'
  actionpack (4.1.6) lib/action_dispatch/middleware/remote_ip.rb:76:in `call'
  actionpack (4.1.6) lib/action_dispatch/middleware/debug_exceptions.rb:17:in `call'
  actionpack (4.1.6) lib/action_dispatch/middleware/show_exceptions.rb:30:in `call'
  railties (4.1.6) lib/rails/rack/logger.rb:38:in `call_app'
  railties (4.1.6) lib/rails/rack/logger.rb:20:in `block in call'
  activesupport (4.1.6) lib/active_support/tagged_logging.rb:68:in `block in tagged'
  activesupport (4.1.6) lib/active_support/tagged_logging.rb:26:in `tagged'
  activesupport (4.1.6) lib/active_support/tagged_logging.rb:68:in `tagged'
  railties (4.1.6) lib/rails/rack/logger.rb:20:in `call'
  actionpack (4.1.6) lib/action_dispatch/middleware/request_id.rb:21:in `call'
  rack (1.5.2) lib/rack/methodoverride.rb:21:in `call'
  rack (1.5.2) lib/rack/runtime.rb:17:in `call'
  activesupport (4.1.6) lib/active_support/cache/strategy/local_cache_middleware.rb:26:in `call'
  rack (1.5.2) lib/rack/lock.rb:17:in `call'
  actionpack (4.1.6) lib/action_dispatch/middleware/static.rb:64:in `call'
  rack (1.5.2) lib/rack/sendfile.rb:112:in `call'
  railties (4.1.6) lib/rails/engine.rb:514:in `call'
  railties (4.1.6) lib/rails/application.rb:144:in `call'
  rack (1.5.2) lib/rack/lock.rb:17:in `call'
  rack (1.5.2) lib/rack/content_length.rb:14:in `call'
  rack (1.5.2) lib/rack/handler/webrick.rb:60:in `service'
  /Users/gamisanga/.anyenv/envs/rbenv/versions/2.1.4/lib/ruby/2.1.0/webrick/httpserver.rb:138:in `service'
  /Users/gamisanga/.anyenv/envs/rbenv/versions/2.1.4/lib/ruby/2.1.0/webrick/httpserver.rb:94:in `run'
  /Users/gamisanga/.anyenv/envs/rbenv/versions/2.1.4/lib/ruby/2.1.0/webrick/server.rb:295:in `block in start_thread'


  Rendered /Users/gamisanga/.anyenv/envs/rbenv/versions/2.1.4/lib/ruby/gems/2.1.0/gems/actionpack-4.1.6/lib/action_dispatch/middleware/templates/rescues/unknown_action.html.erb within rescues/layout (0.5ms)


Started GET "/test" for 127.0.0.1 at 2014-11-06 17:43:40 +0900
Processing by WelcomeController#test as HTML
Redirected to http://localhost:3000/
Completed 302 Found in 22ms (ActiveRecord: 0.0ms)


Started GET "/" for 127.0.0.1 at 2014-11-06 17:43:40 +0900
Processing by WelcomeController#index as HTML
  Rendered welcome/index.html.haml within layouts/application (1.0ms)
  Rendered layouts/_nav.html.haml (1.8ms)
  Rendered layouts/_notice.html.haml (1.9ms)
  Rendered layouts/_footer.html.haml (1.3ms)
Completed 200 OK in 373ms (Views: 372.1ms | ActiveRecord: 0.0ms)


Started GET "/assets/games.css?body=1" for 127.0.0.1 at 2014-11-06 17:43:40 +0900


Started GET "/assets/welcome.css?body=1" for 127.0.0.1 at 2014-11-06 17:43:40 +0900


Started GET "/assets/scaffolds.css?body=1" for 127.0.0.1 at 2014-11-06 17:43:40 +0900


Started GET "/assets/welcome.js?body=1" for 127.0.0.1 at 2014-11-06 17:43:40 +0900


Started GET "/assets/jquery.js?body=1" for 127.0.0.1 at 2014-11-06 17:43:40 +0900


Started GET "/assets/application.css?body=1" for 127.0.0.1 at 2014-11-06 17:43:40 +0900


Started GET "/assets/jquery_ujs.js?body=1" for 127.0.0.1 at 2014-11-06 17:43:40 +0900


Started GET "/assets/turbolinks.js?body=1" for 127.0.0.1 at 2014-11-06 17:43:40 +0900


Started GET "/assets/games.js?body=1" for 127.0.0.1 at 2014-11-06 17:43:40 +0900


Started GET "/assets/application.js?body=1" for 127.0.0.1 at 2014-11-06 17:43:40 +0900


Started GET "/assets/games.js?body=1" for 127.0.0.1 at 2014-11-06 17:43:40 +0900


Started GET "/assets/application.js?body=1" for 127.0.0.1 at 2014-11-06 17:43:40 +0900
